This is pdfTeXk, Version 3.141592-1.40.3 (Web2C 7.5.6) (format=pdflatex 2008.1.10)  15 AUG 2011 23:32
entering extended mode
 file:line:error style messages enabled.
 %&-line parsing enabled.
**\input CRPITExample.tex
(./CRPITExample.tex (./CRPITStyle.cls
Document Class: CRPITStyle 
(/usr/local/texlive/2007/texmf-dist/tex/latex/base/article.cls
Document Class: article 2005/09/16 v1.4f Standard LaTeX document class
(/usr/local/texlive/2007/texmf-dist/tex/latex/base/size10.clo
File: size10.clo 2005/09/16 v1.4f Standard LaTeX file (size option)
)
\c@part=\count79
\c@section=\count80
\c@subsection=\count81
\c@subsubsection=\count82
\c@paragraph=\count83
\c@subparagraph=\count84
\c@figure=\count85
\c@table=\count86
\abovecaptionskip=\skip41
\belowcaptionskip=\skip42
\bibindent=\dimen102
)
\@acmtitlebox=\box26
)
(/usr/local/texlive/2007/texmf-dist/tex/latex/natbib/natbib.sty
Package: natbib 2007/02/05 8.0 (PWD)
\bibhang=\skip43
\bibsep=\skip44
LaTeX Info: Redefining \cite on input line 602.
\c@NAT@ctr=\count87
)
(./CRPITExample.aux)
\openout1 = `CRPITExample.aux'.

LaTeX Font Info:    Checking defaults for OML/cmm/m/it on input line 10.
LaTeX Font Info:    ... okay on input line 10.
LaTeX Font Info:    Checking defaults for T1/cmr/m/n on input line 10.
LaTeX Font Info:    ... okay on input line 10.
LaTeX Font Info:    Checking defaults for OT1/cmr/m/n on input line 10.
LaTeX Font Info:    ... okay on input line 10.
LaTeX Font Info:    Checking defaults for OMS/cmsy/m/n on input line 10.
LaTeX Font Info:    ... okay on input line 10.
LaTeX Font Info:    Checking defaults for OMX/cmex/m/n on input line 10.
LaTeX Font Info:    ... okay on input line 10.
LaTeX Font Info:    Checking defaults for U/cmr/m/n on input line 10.
LaTeX Font Info:    ... okay on input line 10.
LaTeX Font Info:    External font `cmex10' loaded for size
(Font)              <10.95> on input line 26.
LaTeX Font Info:    External font `cmex10' loaded for size
(Font)              <8> on input line 26.
LaTeX Font Info:    External font `cmex10' loaded for size
(Font)              <6> on input line 26.
LaTeX Font Info:    External font `cmex10' loaded for size
(Font)              <7> on input line 26.
LaTeX Font Info:    External font `cmex10' loaded for size
(Font)              <5> on input line 26.
LaTeX Font Info:    Try loading font information for OMS+cmr on input line 28.

(/usr/local/texlive/2007/texmf-dist/tex/latex/base/omscmr.fd
File: omscmr.fd 1999/05/25 v2.5h Standard LaTeX font definitions
)
LaTeX Font Info:    Font shape `OMS/cmr/m/n' in size <8> not available
(Font)              Font shape `OMS/cmsy/m/n' tried instead on input line 28.

Underfull \hbox (badness 1052) in paragraph at lines 53--54
\OT1/cmr/m/n/10 Normal text is 10 point, Times Ro-man in two
 []


Overfull \hbox (3.89125pt too wide) in paragraph at lines 67--68
[][] 
 []

Missing character: There is no Ð in font cmr10!
[1{/usr/local/texlive/2007/texmf-var/fonts/map/pdftex/updmap/pdftex.map}


]
[2

] (./CRPITExample.aux) ) 
Here is how much of TeX's memory you used:
 550 strings out of 94073
 6392 string characters out of 1162984
 60792 words of memory out of 1500000
 3898 multiletter control sequences out of 10000+50000
 8114 words of font info for 29 fonts, out of 1200000 for 2000
 646 hyphenation exceptions out of 8191
 29i,10n,32p,518b,222s stack positions out of 5000i,500n,6000p,200000b,5000s
</usr/local/texlive/2007/texmf-dist/fonts/type1/bluesky
/cm/cmbx10.pfb></usr/local/texlive/2007/texmf-dist/fonts/type1/bluesky/cm/cmbx1
2.pfb></usr/local/texlive/2007/texmf-dist/fonts/type1/bluesky/cm/cmmi8.pfb></us
r/local/texlive/2007/texmf-dist/fonts/type1/bluesky/cm/cmr10.pfb></usr/local/te
xlive/2007/texmf-dist/fonts/type1/bluesky/cm/cmr7.pfb></usr/local/texlive/2007/
texmf-dist/fonts/type1/bluesky/cm/cmr8.pfb></usr/local/texlive/2007/texmf-dist/
fonts/type1/bluesky/cm/cmsy8.pfb></usr/local/texlive/2007/texmf-dist/fonts/type
1/bluesky/cm/cmti10.pfb></usr/local/texlive/2007/texmf-dist/fonts/type1/bluesky
/cm/cmtt10.pfb>
Output written on CRPITExample.pdf (2 pages, 72318 bytes).
PDF statistics:
 45 PDF objects out of 1000 (max. 8388607)
 0 named destinations out of 1000 (max. 131072)
 1 words of extra memory for PDF output out of 10000 (max. 10000000)

